app/build/intermediates/manifest_merge_blame_file/release/manifest-merger-blame-release-report.txt
1<?xml version="1.0" encoding="utf-8"?>
2<manifest xmlns:android="http://schemas.android.com/apk/res/android"
3    package="com.nate.app"
4    android:versionCode="3"
5    android:versionName="1.2.0" >
6
7    <uses-sdk
8        android:minSdkVersion="26"
9        android:targetSdkVersion="34" />
10
11    <uses-permission android:name="android.permission.INTERNET" />
11-->src\main\AndroidManifest.xml:4:5-67
11-->src\main\AndroidManifest.xml:4:22-64
12
13    <uses-feature
13-->src\main\AndroidManifest.xml:6:5-86
14        android:name="android.software.leanback"
14-->src\main\AndroidManifest.xml:6:19-59
15        android:required="true" />
15-->src\main\AndroidManifest.xml:6:60-83
16    <uses-feature
16-->src\main\AndroidManifest.xml:7:5-90
17        android:name="android.hardware.touchscreen"
17-->src\main\AndroidManifest.xml:7:19-62
18        android:required="false" />
18-->src\main\AndroidManifest.xml:7:63-87
19
20    <uses-permission android:name="android.permission.ACCESS_NETWORK_STATE" />
20-->[androidx.media3:media3-common:1.4.1] AndroidManifest.xml:22:5-79
20-->[androidx.media3:media3-common:1.4.1] AndroidManifest.xml:22:22-76
21
22    <permission
22-->[androidx.core:core:1.12.0] AndroidManifest.xml:22:5-24:47
23        android:name="com.nate.app.DYNAMIC_RECEIVER_NOT_EXPORTED_PERMISSION"
23-->[androidx.core:core:1.12.0] AndroidManifest.xml:23:9-81
24        android:protectionLevel="signature" />
24-->[androidx.core:core:1.12.0] AndroidManifest.xml:24:9-44
25
26    <uses-permission android:name="com.nate.app.DYNAMIC_RECEIVER_NOT_EXPORTED_PERMISSION" />
26-->[androidx.core:core:1.12.0] AndroidManifest.xml:26:5-97
26-->[androidx.core:core:1.12.0] AndroidManifest.xml:26:22-94
27
28    <application
28-->src\main\AndroidManifest.xml:9:5-37:19
29        android:allowBackup="true"
29-->src\main\AndroidManifest.xml:10:9-35
30        android:appComponentFactory="androidx.core.app.CoreComponentFactory"
30-->[androidx.core:core:1.12.0] AndroidManifest.xml:28:18-86
31        android:banner="@mipmap/ic_launcher"
31-->src\main\AndroidManifest.xml:12:9-45
32        android:extractNativeLibs="false"
33        android:hardwareAccelerated="true"
33-->src\main\AndroidManifest.xml:15:9-43
34        android:icon="@mipmap/ic_launcher"
34-->src\main\AndroidManifest.xml:11:9-43
35        android:label="Nate"
35-->src\main\AndroidManifest.xml:13:9-29
36        android:networkSecurityConfig="@xml/network_security_config"
36-->src\main\AndroidManifest.xml:16:9-69
37        android:supportsRtl="true"
37-->src\main\AndroidManifest.xml:14:9-35
38        android:theme="@android:style/Theme.DeviceDefault.NoActionBar" >
38-->src\main\AndroidManifest.xml:17:9-71
39        <activity
39-->src\main\AndroidManifest.xml:19:9-28:20
40            android:name="com.nate.app.MainActivity"
40-->src\main\AndroidManifest.xml:20:13-41
41            android:exported="true"
41-->src\main\AndroidManifest.xml:21:13-36
42            android:screenOrientation="landscape"
42-->src\main\AndroidManifest.xml:22:13-50
43            android:theme="@android:style/Theme.DeviceDefault.NoActionBar" >
43-->src\main\AndroidManifest.xml:23:13-75
44            <intent-filter>
44-->src\main\AndroidManifest.xml:24:13-27:29
45                <action android:name="android.intent.action.MAIN" />
45-->src\main\AndroidManifest.xml:25:17-69
45-->src\main\AndroidManifest.xml:25:25-66
46
47                <category android:name="android.intent.category.LEANBACK_LAUNCHER" />
47-->src\main\AndroidManifest.xml:26:17-86
47-->src\main\AndroidManifest.xml:26:27-83
48            </intent-filter>
49        </activity>
50        <activity
50-->src\main\AndroidManifest.xml:30:9-36:78
51            android:name="com.nate.app.ui.screens.PlayerActivity"
51-->src\main\AndroidManifest.xml:31:13-66
52            android:configChanges="orientation|screenSize|keyboardHidden"
52-->src\main\AndroidManifest.xml:32:13-74
53            android:exported="false"
53-->src\main\AndroidManifest.xml:33:13-37
54            android:hardwareAccelerated="true"
54-->src\main\AndroidManifest.xml:34:13-47
55            android:screenOrientation="landscape"
55-->src\main\AndroidManifest.xml:35:13-50
56            android:theme="@android:style/Theme.DeviceDefault.NoActionBar" />
56-->src\main\AndroidManifest.xml:36:13-75
57
58        <provider
58-->[androidx.emoji2:emoji2:1.3.0] AndroidManifest.xml:24:9-32:20
59            android:name="androidx.startup.InitializationProvider"
59-->[androidx.emoji2:emoji2:1.3.0] AndroidManifest.xml:25:13-67
60            android:authorities="com.nate.app.androidx-startup"
60-->[androidx.emoji2:emoji2:1.3.0] AndroidManifest.xml:26:13-68
61            android:exported="false" >
61-->[androidx.emoji2:emoji2:1.3.0] AndroidManifest.xml:27:13-37
62            <meta-data
62-->[androidx.emoji2:emoji2:1.3.0] AndroidManifest.xml:29:13-31:52
63                android:name="androidx.emoji2.text.EmojiCompatInitializer"
63-->[androidx.emoji2:emoji2:1.3.0] AndroidManifest.xml:30:17-75
64                android:value="androidx.startup" />
64-->[androidx.emoji2:emoji2:1.3.0] AndroidManifest.xml:31:17-49
65            <meta-data
65-->[androidx.lifecycle:lifecycle-process:2.7.0] AndroidManifest.xml:29:13-31:52
66                android:name="androidx.lifecycle.ProcessLifecycleInitializer"
66-->[androidx.lifecycle:lifecycle-process:2.7.0] AndroidManifest.xml:30:17-78
67                android:value="androidx.startup" />
67-->[androidx.lifecycle:lifecycle-process:2.7.0] AndroidManifest.xml:31:17-49
68            <meta-data
68-->[androidx.profileinstaller:profileinstaller:1.3.1] AndroidManifest.xml:29:13-31:52
69                android:name="androidx.profileinstaller.ProfileInstallerInitializer"
69-->[androidx.profileinstaller:profileinstaller:1.3.1] AndroidManifest.xml:30:17-85
70                android:value="androidx.startup" />
70-->[androidx.profileinstaller:profileinstaller:1.3.1] AndroidManifest.xml:31:17-49
71        </provider>
72
73        <receiver
73-->[androidx.profileinstaller:profileinstaller:1.3.1] AndroidManifest.xml:34:9-52:20
74            android:name="androidx.profileinstaller.ProfileInstallReceiver"
74-->[androidx.profileinstaller:profileinstaller:1.3.1] AndroidManifest.xml:35:13-76
75            android:directBootAware="false"
75-->[androidx.profileinstaller:profileinstaller:1.3.1] AndroidManifest.xml:36:13-44
76            android:enabled="true"
76-->[androidx.profileinstaller:profileinstaller:1.3.1] AndroidManifest.xml:37:13-35
77            android:exported="true"
77-->[androidx.profileinstaller:profileinstaller:1.3.1] AndroidManifest.xml:38:13-36
78            android:permission="android.permission.DUMP" >
78-->[androidx.profileinstaller:profileinstaller:1.3.1] AndroidManifest.xml:39:13-57
79            <intent-filter>
79-->[androidx.profileinstaller:profileinstaller:1.3.1] AndroidManifest.xml:40:13-42:29
80                <action android:name="androidx.profileinstaller.action.INSTALL_PROFILE" />
80-->[androidx.profileinstaller:profileinstaller:1.3.1] AndroidManifest.xml:41:17-91
80-->[androidx.profileinstaller:profileinstaller:1.3.1] AndroidManifest.xml:41:25-88
81            </intent-filter>
82            <intent-filter>
82-->[androidx.profileinstaller:profileinstaller:1.3.1] AndroidManifest.xml:43:13-45:29
83                <action android:name="androidx.profileinstaller.action.SKIP_FILE" />
83-->[androidx.profileinstaller:profileinstaller:1.3.1] AndroidManifest.xml:44:17-85
83-->[androidx.profileinstaller:profileinstaller:1.3.1] AndroidManifest.xml:44:25-82
84            </intent-filter>
85            <intent-filter>
85-->[androidx.profileinstaller:profileinstaller:1.3.1] AndroidManifest.xml:46:13-48:29
86                <action android:name="androidx.profileinstaller.action.SAVE_PROFILE" />
86-->[androidx.profileinstaller:profileinstaller:1.3.1] AndroidManifest.xml:47:17-88
86-->[androidx.profileinstaller:profileinstaller:1.3.1] AndroidManifest.xml:47:25-85
87            </intent-filter>
88            <intent-filter>
88-->[androidx.profileinstaller:profileinstaller:1.3.1] AndroidManifest.xml:49:13-51:29
89                <action android:name="androidx.profileinstaller.action.BENCHMARK_OPERATION" />
89-->[androidx.profileinstaller:profileinstaller:1.3.1] AndroidManifest.xml:50:17-95
89-->[androidx.profileinstaller:profileinstaller:1.3.1] AndroidManifest.xml:50:25-92
90            </intent-filter>
91        </receiver>
92    </application>
93
94</manifest>